Wed 13:31: ########################################## 
Wed 13:31: Compiling.
Wed 13:31: ########################################## 

Wed 13:31: MaxCompiler version: 2014.2.
Wed 13:31: Build DFE run rule for ExplicitHeatEquation start time: Wed May 06 13:31:15 BST 2015.
Wed 13:31: Project location: /home/carmen/workspace-AppLibrary/ExplicitHeatEquation.
Wed 13:31: Detailed build log: /home/carmen/workspace-AppLibrary/ExplicitHeatEquation/RunRules/DFE/build.log.

Wed 13:31: Compiling Engine Code.
Wed 13:31: Building ExplicitHeatEquation.max file. 
Wed 13:31: Setting environment variable:
Wed 13:31: MAXCOMPILER_BUILD_DIR : /network-scratch/carmen/maxdc_builds/
Wed 13:31: MAX_BUILDPARAMS : DFEModel='MAIA' target='DFE' maxFileName='ExplicitHeatEquation' isFixed='false' numPipes='24' numStep='1'  
Wed 13:31: Building output:
Wed 13:31: MaxCompiler version: 2014.2
Wed 13:31: Build "ExplicitHeatEquation" start time: Wed May 06 13:31:20 BST 2015
Wed 13:31: Main build process running as user carmen on host nxws09.office.maxeler.com
Wed 13:31: Build location: /scratch/carmen/maxdc_builds/06-05-15/ExplicitHeatEquation_MAIA_DFEExplicit_12S_16P_22Fixed_18C
Wed 13:31: Detailed build log available in "_build.log"
Wed 13:33: 
Wed 13:33: ENGINE BUILD PARAMETERS
Wed 13:33: 	 Build name: ExplicitHeatEquation_MAIA_DFEExplicit_12S_16P_22Fixed_18C
Wed 13:33: 	   DFEModel: MAIA                                                     
Wed 13:33: 	maxFileName: ExplicitHeatEquation                                     
Wed 13:33: 	     target: DFE                                                      
Wed 13:33: 	 enableMPCX: false                                                    
Wed 13:33: MaxGenFD version: 2014.2
Wed 13:33: 
Wed 13:33: ENGINE BUILD PARAMETERS
Wed 13:33: 	        Build name: ExplicitHeatEquation_MAIA_DFEExplicit_12S_16P_22Fixed_18C
Wed 13:33: 	          DFEModel: MAIA                                                     
Wed 13:33: 	       maxFileName: ExplicitHeatEquation                                     
Wed 13:33: 	            target: DFE                                                      
Wed 13:33: 	        enableMPCX: false                                                    
Wed 13:33: 	       MPPRStartCT: 1                                                        
Wed 13:33: 	         MPPREndCT: 16                                                       
Wed 13:33: 	       MPPRThreads: 2                                                        
Wed 13:33: 	MPPRRetryThreshold: 500                                                      
Wed 13:33: 	           isFixed: false                                                    
Wed 13:33: 	           numStep: 1                                                        
Wed 13:33: 	     bitwidthFixed: 22                                                       
Wed 13:33: 	bitwidthFixedCoeff: 18                                                       
Wed 13:33: 	     CEReplication: 6                                                        
Wed 13:33: 	         isBuffGce: true                                                     
Wed 13:33: 	 isMultiCycleReset: true                                                     
Wed 13:33: 	     isPhaseClocks: false                                                    
Wed 13:33: 	   streamFrequency: 150                                                      
Wed 13:33: 	      memFrequency: -1                                                       
Wed 13:33: 	          numPipes: 24                                                       
Wed 13:33: 	         dspFactor: 0.5                                                      
Wed 13:33: 	   hasStreamStatus: false                                                    
Wed 13:33: 	               tag: Explicit_12S_16P_22Fixed_18C                             
Wed 13:33: Instantiating kernel "FDKernel"
Wed 13:33: curr: {FDVarType: 24 x dfeFloat(8, 24)}
Wed 13:33: laplacian0: {FDVarType: 24 x dfeFloat(8, 24)}
Wed 13:33: result0: {FDVarType: 24 x dfeFloat(8, 24)}
Wed 13:33: 
Wed 13:33: Compiling kernel "FDKernel"
Wed 13:33: WARNING: Warning (UNCONNECTED_DESIGN_ELEMENT):
Wed 13:33: WARNING: Unconnected elements in design 'FDKernel'
Wed 13:33: WARNING: details in : /scratch/carmen/maxdc_builds/06-05-15/ExplicitHeatEquation_MAIA_DFEExplicit_12S_16P_22Fixed_18C/scratch/FDKernel_graph_warnings.txt
Wed 13:38: Generating input files (VHDL, netlists, MegaWizard/CoreGen)
Wed 13:41: Running back-end  build (16 phases)
Wed 13:41: (1/16) - Prepare MaxFile Data (GenerateMaxFileDataFile)
Wed 13:41: (2/16) - Prepare for Placement (QuartusMap)
Wed 14:40: (3/16) - Generate Incremental Netlist (QuartusCdb)
Wed 14:46: (4/16) - Generate Resource Report (AlteraResourceUsageBuildPass)
Wed 14:46: (5/16) - Generate Annotated Source Code (AlteraResourceAnnotationBuildPass)
Wed 14:47: (6/16) - Analyse Resource Usage (AlteraResourceCounterPass)
Wed 14:47: 
Wed 14:47: About to start chip vendor Map/Place/Route toolflow. This will take some time.
Wed 14:47: For this compile, we estimate this process may take longer than 1 hour.
Wed 14:47: We recommend running in simulation to verify correctness before building hardware.
Wed 14:47: 
Wed 14:47: PRELIMINARY RESOURCE USAGE
Wed 14:47: Logic utilization:     205887 / 262400   (78.46%)
Wed 14:47: Multipliers (18x18):      482 / 3926     (12.28%)
Wed 14:47: Block memory (bits):  8757418 / 52572160 (16.66%)
Wed 14:47: 
Wed 14:47: (7/16) - Place and Route DFE (AlteraMPPR)
Wed 14:47: Executing MPPR with 16 cost tables and 2 threads.
Wed 14:47: MPPR: Starting 16 cost tables
Wed 18:55: MPPR: Cost table 2 met timing with score 0 (best score 0)
Wed 18:55: (8/16) - Generate Configuration (QuartusAsm)
Wed 19:03: (9/16) - Convert Programming File (QuartusCpf)
Wed 19:03: (10/16) - Update Checksum (UpdateChecksumBuildPass)
Wed 19:03: (11/16) - Generate Incremental Netlist (QuartusCdb)
Wed 19:07: (12/16) - Generate Configuration (QuartusAsm)
Wed 19:13: (13/16) - Convert Programming File (QuartusCpf)
Wed 19:13: (14/16) - Generate Resource Report (AlteraResourceUsageBuildPass)
Wed 19:14: (15/16) - Generate Annotated Source Code (AlteraResourceAnnotationBuildPass)
Wed 19:15: (16/16) - Generate MaxFile (GenerateMaxFileAltera)
Wed 19:15: 
Wed 19:15: FINAL RESOURCE USAGE
Wed 19:15: Logic utilization:   178432 / 262400 (68.00%)
Wed 19:15:   Primary FFs:       336352 / 524800 (64.09%)
Wed 19:15:   Secondary FFs:      17318 / 524800 (3.30%)
Wed 19:15: Multipliers (18x18):    482 / 3926   (12.28%)
Wed 19:15:   DSP blocks:           241 / 1963   (12.28%)
Wed 19:15: Block memory (M20K):   2341 / 2567   (91.20%)
Wed 19:15: 
Wed 19:15: MaxFile: /scratch/carmen/maxdc_builds/06-05-15/ExplicitHeatEquation_MAIA_DFEExplicit_12S_16P_22Fixed_18C/results/ExplicitHeatEquation.max (MD5Sum: da476bf4d1f3594c476d8aad4aa0f8e4)
Wed 19:15: Build completed: Wed May 06 19:15:35 BST 2015 (took 5 hours, 44 mins, 15 secs)
Wed 19:15: Executing command:
Wed 19:15: cp /home/carmen/workspace-AppLibrary/ExplicitHeatEquation/RunRules/DFE/maxfiles/ExplicitHeatEquation.h /home/carmen/workspace-AppLibrary/ExplicitHeatEquation/RunRules/DFE/include/ExplicitHeatEquation.h 
Wed 19:15: Command output:
Wed 19:15: Building: ExplicitHeatEquation.max file finished.
Wed 19:15: Engine build finished.
Wed 19:15: Build completed: Wed May 06 19:15:38 BST 2015


