Thu 15:08: ########################################## 
Thu 15:08: Compiling.
Thu 15:08: ########################################## 

Thu 15:08: MaxCompiler version: 2014.2.
Thu 15:08: Build Simulation run rule for ExplicitHeatEquation start time: Thu May 28 15:08:47 BST 2015.
Thu 15:08: Project location: /home/carmen/workspace-AppLibrary/ExplicitHeatEquation.
Thu 15:08: Detailed build log: /home/carmen/workspace-AppLibrary/ExplicitHeatEquation/RunRules/Simulation/build.log.

Thu 15:08: Compiling Engine Code.
Thu 15:08: Engine building skipped (no changes on .max files).
Thu 15:08: Compiling CPU Code.
Thu 15:08: Run CPU project make files updating
Thu 15:08: Executing command:
Thu 15:08: java -jar /network-raid/opt/maxcompiler-2014.2/lib/MaxIDE/projectAdmin.jar -u /home/carmen/workspace-AppLibrary/ExplicitHeatEquation Simulation 
Thu 15:08: Command output:

Thu 15:08: MaxCompiler Project Admin Tool Version 2014.2
Thu 15:08:  Copyright Maxeler Technologies 2010 - 2014. All rights reserved.
Thu 15:08: Handler version 2
Thu 15:08: Updating RunRule dependent Makefiles for RunRule 'Simulation'
Thu 15:08: 	Updating: Simulation
Thu 15:08: Found makefiles: 1
Thu 15:08: 	Updated: Simulation
Thu 15:08: Run CPU make.
Thu 15:08: make RUNRULE=Simulation 
Thu 15:08: Command output:
Thu 15:08: make -f Makefile.rules build
Thu 15:08: make[1]: Entering directory `/home/carmen/workspace-AppLibrary/ExplicitHeatEquation/CPUCode'
Thu 15:08: set -e; rm -f ../RunRules/Simulation/objects/c/heat_equation.d ;                                                             \
Thu 15:08: 	  cc -M -std=gnu99 -g -O3 -Wall -Wextra -I../RunRules/Simulation/include  -I '/network-raid/opt/maxcompiler-2014.2/include/slic'   -I '/network-raid/opt/maxgenfd-2014.2/include' -Wno-error heat_equation.c > ../RunRules/Simulation/objects/c/heat_equation.d.$$ ;                                 \
Thu 15:08:       sed 's,\(heat_equation\)\.o[ :]*,../RunRules/Simulation/objects/c/\1.o ../RunRules/Simulation/objects/c/heat_equation.d : ,g' < ../RunRules/Simulation/objects/c/heat_equation.d.$$ > ../RunRules/Simulation/objects/c/heat_equation.d; \
Thu 15:08:       rm -f ../RunRules/Simulation/objects/c/heat_equation.d.$$
Thu 15:08: make[1]: Leaving directory `/home/carmen/workspace-AppLibrary/ExplicitHeatEquation/CPUCode'
Thu 15:08: make[1]: Entering directory `/home/carmen/workspace-AppLibrary/ExplicitHeatEquation/CPUCode'
Thu 15:08: cc -std=gnu99 -g -O3 -Wall -Wextra -I../RunRules/Simulation/include  -I '/network-raid/opt/maxcompiler-2014.2/include/slic'   -I '/network-raid/opt/maxgenfd-2014.2/include' -c heat_equation.c -o ../RunRules/Simulation/objects/c/heat_equation.o
Thu 15:08: cc -std=gnu99 -g -O3 -Wall -Wextra -I../RunRules/Simulation/include  -I '/network-raid/opt/maxcompiler-2014.2/include/slic'   -I '/network-raid/opt/maxgenfd-2014.2/include' -o ../RunRules/Simulation/binaries/ExplicitHeatEquation ../RunRules/Simulation/objects/maxfiles/slic_ExplicitHeatEquation.o ../RunRules/Simulation/objects/maxfiles/maxgenfd_ExplicitHeatEquation.o ../RunRules/Simulation/objects/c/cpu_compute.o ../RunRules/Simulation/objects/c/dfe_compute.o ../RunRules/Simulation/objects/c/heat_equation.o ../RunRules/Simulation/objects/c/memory.o -g -O3  -L '/network-raid/opt/maxcompiler-2014.2/lib' -lslic -L '/network-raid/opt/maxeleros-2014.2/maxeleros/lib' -lmaxeleros -lpthread -lm -lrt   -L '/network-raid/opt/maxgenfd-2014.2/lib' -lmaxlibfd -L '/network-raid/opt/maxcompiler-2014.2/lib' -lslic -L '/network-raid/opt/maxeleros-2014.2/maxeleros/lib' -lmaxeleros -lstdc++ -lpthread -lm -lrt
Thu 15:08: make[1]: Leaving directory `/home/carmen/workspace-AppLibrary/ExplicitHeatEquation/CPUCode'
Thu 15:08: Build completed: Thu May 28 15:08:48 BST 2015


Thu 15:08: ########################################## 
Thu 15:08: Running
Thu 15:08: ########################################## 
Thu 15:08: Executing command:
Thu 15:08: '/home/carmen/workspace-AppLibrary/ExplicitHeatEquation/RunRules/Simulation/binaries/ExplicitHeatEquation' 'parmfile' 
Thu 15:08: Command output:
Thu 15:08: MaxGenFD simulation run status
Thu 15:08: ==============================
Thu 15:08: 	Version: 2014.2
Thu 15:08: 	Data flow engine: MAIA
Thu 15:08: 	Device topology: [X 0 X]
Thu 15:08: 	Performance: 1 pipe @ 150 MHz
Thu 15:08: 	Computation type: fixed-point
Thu 15:08: 	Problem size: 96 x 96 x 96 (f x m x s)
Thu 15:08: 	Number of blocks: 1 x 1 (f x m)
Thu 15:08: 	Block size: 192 x 120 (f x m)
Thu 15:08: 	Tile size: 16 x 6 (f x m)
Thu 15:08: 	Wavefield tracking support: no
Thu 15:08: 	Wavefield tracking enabled: no
Thu 15:08: 	IDFE swap support: no
Thu 15:08: 	MaxRing swap support: no
Thu 15:08: 	PCIe swap support: no
Thu 15:08: 	ECC enabled: no
Thu 15:08: 	Global parameters:
Thu 15:08: 		MAX_DEVICES = 8
Thu 15:11: Explicit Heat Equation - Configuration
Thu 15:11: ======================================
Thu 15:11: 	 Dimensions: 96 x 96 x 96
Thu 15:11: 	 Number of iterations: 10
Thu 15:11: 	 dt: 0.1
Thu 15:11: 	 dx: 1
Thu 15:11: 	 dy: 1
Thu 15:11: 	 dz: 1
Thu 15:11: 	 Using default input configurations
Thu 15:11: 	 Using default alpha value : 1.77
Thu 15:11: Computing on the CPU...
Thu 15:11: Done.
Thu 15:11: Computing on the DFE...
Thu 15:17: Done.
Thu 15:17: Total error   : 0
Thu 15:17: Average error : 0
Thu 15:17: Maximum error : 0
Thu 15:17: Relative error: 0
Thu 15:17: max value : 0.124924
Thu 15:17: min value: -0.124619
Thu 15:17: ============PASS============
Thu 15:17: Process terminated with exit code -1.
Thu 15:17: Aborted